<?xml version="1.0" encoding="UTF-8"?>
<!-- Generated by org.testng.reporters.JUnitReportReporter -->
<testsuite hostname="MSI" failures="0" tests="3" name="com.comcast.crm.PomClasses.CreateContactTest" time="64.451" errors="0" timestamp="2025-02-21T16:58:25 IST" skipped="0">
  <testcase classname="com.comcast.crm.PomClasses.CreateContactTest" name="createContactWithSupportDateTest" time="16.333"/>
  <testcase classname="com.comcast.crm.PomClasses.CreateContactTest" name="createContactWithOrgTest" time="29.368"/>
  <testcase classname="com.comcast.crm.PomClasses.CreateContactTest" name="createContact" time="18.750"/>
</testsuite> <!-- com.comcast.crm.PomClasses.CreateContactTest -->
