<?xml version="1.0" encoding="UTF-8"?>
<!-- Generated by org.testng.reporters.JUnitReportReporter -->
<testsuite hostname="MSI" failures="0" tests="1" name="Practice.GetProductInfoInAmazonTest" time="42.667" errors="0" timestamp="2025-02-18T13:09:44 IST" skipped="0">
  <testcase classname="Practice.GetProductInfoInAmazonTest" name="getProductInfoTest" time="42.667"/>
</testsuite> <!-- Practice.GetProductInfoInAmazonTest -->
