<?xml version="1.0" encoding="UTF-8"?>
<!-- Generated by org.testng.reporters.JUnitReportReporter -->
<testsuite hostname="MSI" failures="0" tests="4" name="Practice.CreateContactWithPhineNumberDataProviderTest" time="0.016" errors="0" timestamp="2025-02-18T12:26:10 IST" skipped="0">
  <testcase classname="Practice.CreateContactWithPhineNumberDataProviderTest" name="createContactTestWithPhoneNumber" time="0.001"/>
  <testcase classname="Practice.CreateContactWithPhineNumberDataProviderTest" name="createContactTestWithPhoneNumber" time="0.011"/>
  <testcase classname="Practice.CreateContactWithPhineNumberDataProviderTest" name="createContactTestWithPhoneNumber" time="0.002"/>
  <testcase classname="Practice.CreateContactWithPhineNumberDataProviderTest" name="createContactTestWithPhoneNumber" time="0.002"/>
</testsuite> <!-- Practice.CreateContactWithPhineNumberDataProviderTest -->
