<?xml version="1.0" encoding="UTF-8"?>
<!-- Generated by org.testng.reporters.JUnitReportReporter -->
<testsuite hostname="MSI" failures="0" tests="2" name="Practice.SampleTestNGTest" time="0.008" errors="0" timestamp="2025-02-17T17:54:35 IST" skipped="0">
  <testcase classname="Practice.SampleTestNGTest" name="createContactWithPhoneNumber" time="0.007"/>
  <testcase classname="Practice.SampleTestNGTest" name="createContactWithTest" time="0.001"/>
</testsuite> <!-- Practice.SampleTestNGTest -->
