<?xml version="1.0" encoding="UTF-8"?>
<!-- Generated by org.testng.reporters.JUnitReportReporter -->
<testsuite hostname="MSI" failures="0" tests="3" name="Practice.GetProductInfoWithDataProviderAnnotaionTest" time="26.911" errors="0" timestamp="2025-02-18T14:45:43 IST" skipped="0">
  <testcase classname="Practice.GetProductInfoWithDataProviderAnnotaionTest" name="getProductInfoTest" time="6.444"/>
  <testcase classname="Practice.GetProductInfoWithDataProviderAnnotaionTest" name="getProductInfoTest" time="9.836"/>
  <testcase classname="Practice.GetProductInfoWithDataProviderAnnotaionTest" name="getProductInfoTest" time="10.631"/>
</testsuite> <!-- Practice.GetProductInfoWithDataProviderAnnotaionTest -->
