<?xml version="1.0" encoding="UTF-8"?>
<!-- Generated by org.testng.reporters.JUnitReportReporter -->
<testsuite hostname="MSI" failures="0" tests="1" name="Practice.InvoiceTest" time="3.838" errors="0" timestamp="2025-02-24T15:26:04 IST" skipped="0">
  <testcase classname="Practice.InvoiceTest" name="createInvoiceWithContactTest" time="3.838"/>
</testsuite> <!-- Practice.InvoiceTest -->
