<?xml version="1.0" encoding="UTF-8"?>
<!-- Generated by org.testng.reporters.JUnitReportReporter -->
<testsuite hostname="MSI" failures="0" tests="1" name="com.comcast.crm.PomClasses.CreateOrganizationTest" time="17.143" errors="0" timestamp="2025-02-26T16:28:31 IST" skipped="0">
  <testcase classname="com.comcast.crm.PomClasses.CreateOrganizationTest" name="createOrganization" time="17.143"/>
</testsuite> <!-- com.comcast.crm.PomClasses.CreateOrganizationTest -->
