<?xml version="1.0" encoding="UTF-8"?>
<!-- Generated by org.testng.reporters.JUnitReportReporter -->
<testsuite hostname="MSI" failures="0" tests="4" name="Practice.CreateContactUsingDataProviderTest" time="0.018" errors="0" timestamp="2025-02-18T12:26:37 IST" skipped="0">
  <testcase classname="Practice.CreateContactUsingDataProviderTest" name="createContactTest" time="0.002"/>
  <testcase classname="Practice.CreateContactUsingDataProviderTest" name="createContactTest" time="0.003"/>
  <testcase classname="Practice.CreateContactUsingDataProviderTest" name="createContactTest" time="0.003"/>
  <testcase classname="Practice.CreateContactUsingDataProviderTest" name="createContactTest" time="0.010"/>
</testsuite> <!-- Practice.CreateContactUsingDataProviderTest -->
