<?xml version="1.0" encoding="UTF-8"?>
<!-- Generated by org.testng.reporters.JUnitReportReporter -->
<testsuite hostname="MSI" failures="0" tests="6" name="Practice.InvocationCountTest" time="0.020" errors="0" timestamp="2025-02-20T15:39:04 IST" skipped="1">
  <testcase classname="Practice.InvocationCountTest" name="createOrderTest" time="0.011"/>
  <testcase classname="Practice.InvocationCountTest" name="createOrderTest" time="0.003"/>
  <testcase classname="Practice.InvocationCountTest" name="createOrderTest" time="0.002"/>
  <testcase classname="Practice.InvocationCountTest" name="createOrderTest" time="0.002"/>
  <testcase classname="Practice.InvocationCountTest" name="createOrderTest" time="0.002"/>
  <testcase classname="Practice.InvocationCountTest" name="billingOrderTest">
    <skipped/>
  </testcase> <!-- billingOrderTest -->
</testsuite> <!-- Practice.InvocationCountTest -->
