<?xml version="1.0" encoding="UTF-8"?>
<!-- Generated by org.testng.reporters.JUnitReportReporter -->
<testsuite hostname="MSI" failures="0" tests="3" name="Practice.DependsOnMethodExampleTest" time="0.008" errors="0" timestamp="2025-02-18T11:02:06 IST" skipped="0">
  <testcase classname="Practice.DependsOnMethodExampleTest" name="modifyContactTest" time="0.001"/>
  <testcase classname="Practice.DependsOnMethodExampleTest" name="createContactTest" time="0.006"/>
  <testcase classname="Practice.DependsOnMethodExampleTest" name="deleteContactTest" time="0.001"/>
</testsuite> <!-- Practice.DependsOnMethodExampleTest -->
