<?xml version="1.0" encoding="UTF-8"?>
<!-- Generated by org.testng.reporters.JUnitReportReporter -->
<testsuite hostname="MSI" failures="0" tests="1" name="com.comcast.crm.PomClasses.CreateLeadsTest" time="8.686" errors="0" timestamp="2025-02-24T16:49:51 IST" skipped="0">
  <testcase classname="com.comcast.crm.PomClasses.CreateLeadsTest" name="createLeadWithAnnualRevenueTest" time="8.686"/>
</testsuite> <!-- com.comcast.crm.PomClasses.CreateLeadsTest -->
