<?xml version="1.0" encoding="UTF-8"?>
<!-- Generated by org.testng.reporters.JUnitReportReporter -->
<testsuite hostname="MSI" failures="0" tests="1" name="Practice.AutoHealingTechnique" time="3.810" errors="0" timestamp="2025-02-17T11:34:24 IST" skipped="0">
  <testcase classname="Practice.AutoHealingTechnique" name="loginOperationToApp" time="3.810"/>
</testsuite> <!-- Practice.AutoHealingTechnique -->
