<?xml version="1.0" encoding="UTF-8"?>
<!-- Generated by org.testng.reporters.JUnitReportReporter -->
<testsuite hostname="MSI" failures="0" tests="1" name="Practice.BaseClass" time="0.009" errors="0" timestamp="2025-02-20T11:43:52 IST" skipped="0">
  <testcase classname="Practice.BaseClass" name="testMethod" time="0.009"/>
</testsuite> <!-- Practice.BaseClass -->
