<?xml version="1.0" encoding="UTF-8"?>
<!-- Generated by org.testng.reporters.JUnitReportReporter -->
<testsuite hostname="MSI" failures="0" tests="2" name="com.comcast.crm.PomClasses.CreateVendorProductTest" time="62.316" errors="0" timestamp="2025-02-25T17:48:18 IST" skipped="0">
  <testcase classname="com.comcast.crm.PomClasses.CreateVendorProductTest" name="createVendorTest" time="31.122"/>
  <testcase classname="com.comcast.crm.PomClasses.CreateVendorProductTest" name="createVendorWithProduct" time="31.194"/>
</testsuite> <!-- com.comcast.crm.PomClasses.CreateVendorProductTest -->
