<?xml version="1.0" encoding="UTF-8"?>
<!-- Generated by org.testng.reporters.JUnitReportReporter -->
<testsuite hostname="MSI" failures="0" tests="3" name="Practice.PriorityExampleTest" time="0.010" errors="0" timestamp="2025-02-18T10:19:29 IST" skipped="0">
  <testcase classname="Practice.PriorityExampleTest" name="deleteContact" time="0.008"/>
  <testcase classname="Practice.PriorityExampleTest" name="createContact" time="0.001"/>
  <testcase classname="Practice.PriorityExampleTest" name="modifyContact" time="0.001"/>
</testsuite> <!-- Practice.PriorityExampleTest -->
