<?xml version="1.0" encoding="UTF-8"?>
<!-- Generated by org.testng.reporters.JUnitReportReporter -->
<testsuite hostname="MSI" failures="0" tests="1" name="com.comcast.crm.PomClasses.CreateOrganizationTest" time="27.810" errors="0" timestamp="2025-03-17T15:27:52 IST" skipped="0">
  <testcase classname="com.comcast.crm.PomClasses.CreateOrganizationTest" name="createOrganization" time="27.810"/>
</testsuite> <!-- com.comcast.crm.PomClasses.CreateOrganizationTest -->
