<?xml version="1.0" encoding="UTF-8"?>
<!-- Generated by org.testng.reporters.JUnitXMLReporter -->
<testsuite ignored="0" hostname="MSI" failures="0" tests="4" name="Test-1" time="76.919" errors="0" timestamp="2025-02-21T16:58:25 IST">
  <testcase classname="com.comcast.crm.PomClasses.CreateOrganizationTest" name="createOrganization" time="14.071"/>
  <testcase classname="com.comcast.crm.PomClasses.CreateOrganizationTest" name="createOrganizationWithIndustry" time="12.693"/>
  <testcase classname="com.comcast.crm.PomClasses.CreateOrganizationTest" name="createOrganizationWithPhoneNumber" time="10.06"/>
  <testcase classname="com.comcast.crm.PomClasses.CreateOrganizationTest" name="delereOrg" time="11.615"/>
</testsuite> <!-- Test-1 -->
