<?xml version="1.0" encoding="UTF-8"?>
<!-- Generated by org.testng.reporters.JUnitXMLReporter -->
<testsuite ignored="0" hostname="MSI" failures="0" tests="3" name="Test-2" time="68.168" errors="0" timestamp="2025-02-21T16:58:16 IST">
  <testcase classname="com.comcast.crm.PomClasses.CreateContactTest" name="createContact" time="14.154"/>
  <testcase classname="com.comcast.crm.PomClasses.CreateContactTest" name="createContactWithOrgTest" time="24.973"/>
  <testcase classname="com.comcast.crm.PomClasses.CreateContactTest" name="createContactWithSupportDateTest" time="12.057"/>
</testsuite> <!-- Test-2 -->
